2024-09-02 19:38:10,912 NEW LOG
2024-09-04 02:06:02,426 NEW LOG
2024-09-04 02:06:02,426 lowest index: 3
2024-09-04 02:06:02,427 i: 0
2024-09-04 02:06:02,427 n: 9
2024-09-04 02:06:02,427 before: [5, 3, 2, 1, 8, 10, 11, 9, 23]
2024-09-04 02:06:02,427 first: [5, 3, 2, 5, 8, 10, 11, 9, 23]
2024-09-04 02:06:02,427 final: [5, 3, 2, 5, 8, 10, 11, 9, 23]
2024-09-04 02:06:02,427 lowest index: 2
2024-09-04 02:06:02,427 i: 1
2024-09-04 02:06:02,427 n: 8
2024-09-04 02:06:02,427 before: [5, 3, 2, 5, 8, 10, 11, 9, 23]
2024-09-04 02:06:02,428 first: [5, 3, 3, 5, 8, 10, 11, 9, 23]
2024-09-04 02:06:02,428 final: [5, 3, 3, 5, 8, 10, 11, 9, 23]
2024-09-04 02:06:02,428 lowest index: 2
2024-09-04 02:06:02,428 i: 2
2024-09-04 02:06:02,428 n: 7
2024-09-04 02:06:02,428 before: [5, 3, 3, 5, 8, 10, 11, 9, 23]
2024-09-04 02:06:02,429 first: [5, 3, 3, 5, 8, 10, 11, 9, 23]
2024-09-04 02:06:02,429 final: [5, 3, 3, 5, 8, 10, 11, 9, 23]
2024-09-04 02:06:02,429 lowest index: 1
2024-09-04 02:06:02,429 i: 3
2024-09-04 02:06:02,429 n: 6
2024-09-04 02:06:02,429 before: [5, 3, 3, 5, 8, 10, 11, 9, 23]
2024-09-04 02:06:02,429 first: [5, 5, 3, 5, 8, 10, 11, 9, 23]
2024-09-04 02:06:02,429 final: [5, 5, 3, 5, 8, 10, 11, 9, 23]
2024-09-04 02:06:02,429 lowest index: 2
2024-09-04 02:06:02,429 i: 4
2024-09-04 02:06:02,429 n: 5
2024-09-04 02:06:02,429 before: [5, 5, 3, 5, 8, 10, 11, 9, 23]
2024-09-04 02:06:02,430 first: [5, 5, 8, 5, 8, 10, 11, 9, 23]
2024-09-04 02:06:02,430 final: [5, 5, 8, 5, 8, 10, 11, 9, 23]
2024-09-04 02:06:02,430 lowest index: 0
2024-09-04 02:06:02,430 i: 5
2024-09-04 02:06:02,430 n: 4
2024-09-04 02:06:02,430 before: [5, 5, 8, 5, 8, 10, 11, 9, 23]
2024-09-04 02:06:02,430 first: [10, 5, 8, 5, 8, 10, 11, 9, 23]
2024-09-04 02:06:02,430 final: [10, 5, 8, 5, 8, 10, 11, 9, 23]
2024-09-04 02:06:02,430 lowest index: 1
2024-09-04 02:06:02,430 i: 6
2024-09-04 02:06:02,430 n: 3
2024-09-04 02:06:02,430 before: [10, 5, 8, 5, 8, 10, 11, 9, 23]
2024-09-04 02:06:02,430 first: [10, 11, 8, 5, 8, 10, 11, 9, 23]
2024-09-04 02:06:02,431 final: [10, 11, 8, 5, 8, 10, 11, 9, 23]
2024-09-04 02:06:02,431 lowest index: 7
2024-09-04 02:06:02,431 i: 7
2024-09-04 02:06:02,431 n: 2
2024-09-04 02:06:02,431 before: [10, 11, 8, 5, 8, 10, 11, 9, 23]
2024-09-04 02:06:02,431 first: [10, 11, 8, 5, 8, 10, 11, 9, 23]
2024-09-04 02:06:02,431 final: [10, 11, 8, 5, 8, 10, 11, 9, 23]
2024-09-04 02:06:02,431 lowest index: 0
2024-09-04 02:06:02,431 i: 8
2024-09-04 02:06:02,431 n: 1
2024-09-04 02:06:02,431 before: [10, 11, 8, 5, 8, 10, 11, 9, 23]
2024-09-04 02:06:02,431 first: [23, 11, 8, 5, 8, 10, 11, 9, 23]
2024-09-04 02:06:02,432 final: [23, 11, 8, 5, 8, 10, 11, 9, 23]
