Run started:2024-09-11 21:43:16.332093

Test results:
>> Issue: [B101:assert_used] Use of assert detected. The enclosed code will be removed when compiling to optimised byte code.
   Severity: Low   Confidence: High
   CWE: CWE-703 (https://cwe.mitre.org/data/definitions/703.html)
   More Info: https://bandit.readthedocs.io/en/1.7.9/plugins/b101_assert_used.html
   Location: ./hw2_debugging_test.py:14:4
13	    b = [12, 23, 45, 67, 89, 100]
14	    assert (merge_sort(a)) == b
15	

--------------------------------------------------
>> Issue: [B101:assert_used] Use of assert detected. The enclosed code will be removed when compiling to optimised byte code.
   Severity: Low   Confidence: High
   CWE: CWE-703 (https://cwe.mitre.org/data/definitions/703.html)
   More Info: https://bandit.readthedocs.io/en/1.7.9/plugins/b101_assert_used.html
   Location: ./hw2_debugging_test.py:23:4
22	    d = [1, 2, 5, 9, 15, 20, 21, 23, 45, 100]
23	    assert (merge_sort(c)) == d
24	

--------------------------------------------------
>> Issue: [B101:assert_used] Use of assert detected. The enclosed code will be removed when compiling to optimised byte code.
   Severity: Low   Confidence: High
   CWE: CWE-703 (https://cwe.mitre.org/data/definitions/703.html)
   More Info: https://bandit.readthedocs.io/en/1.7.9/plugins/b101_assert_used.html
   Location: ./hw2_debugging_test.py:32:4
31	    f = [-90, -76, -63, -50, -45, -43, -35, -9, -1]
32	    assert (merge_sort(e)) == f

--------------------------------------------------

Code scanned:
	Total lines of code: 25
	Total lines skipped (#nosec): 0
	Total potential issues skipped due to specifically being disabled (e.g., #nosec BXXX): 0

Run metrics:
	Total issues (by severity):
		Undefined: 0
		Low: 3
		Medium: 0
		High: 0
	Total issues (by confidence):
		Undefined: 0
		Low: 0
		Medium: 0
		High: 3
Files skipped (0):
